app/build/intermediates/manifest_merge_blame_file/debug/manifest-merger-blame-debug-report.txt
1<?xml version="1.0" encoding="utf-8"?>
2<manifest xmlns:android="http://schemas.android.com/apk/res/android"
3    package="com.example.helloworld"
4    android:versionCode="1"
5    android:versionName="1.0" >
6
7    <uses-sdk
8        android:minSdkVersion="15"
8-->src\main\AndroidManifest.xml
9        android:targetSdkVersion="29" />
9-->src\main\AndroidManifest.xml
10
11    <application
11-->src\main\AndroidManifest.xml:5:5-27:19
12        android:allowBackup="true"
12-->src\main\AndroidManifest.xml:6:9-35
13        android:appComponentFactory="androidx.core.app.CoreComponentFactory"
13-->[androidx.core:core:1.1.0] AndroidManifest.xml:24:18-86
14        android:debuggable="true"
15        android:icon="@mipmap/ic_launcher"
15-->src\main\AndroidManifest.xml:7:9-43
16        android:label="@string/app_name"
16-->src\main\AndroidManifest.xml:8:9-41
17        android:roundIcon="@mipmap/ic_launcher_round"
17-->src\main\AndroidManifest.xml:9:9-54
18        android:supportsRtl="true"
18-->src\main\AndroidManifest.xml:10:9-35
19        android:testOnly="true"
20        android:theme="@style/AppTheme" >
20-->src\main\AndroidManifest.xml:11:9-40
21        <activity android:name="com.example.helloworld.MainActivity" > <!-- #调用逻辑。这里的.MainActivity的.就是指包名==package，即第三行代码的属性值 -->
21-->src\main\AndroidManifest.xml:13:9-20:20
21-->src\main\AndroidManifest.xml:13:19-47
22            <!-- 项目启动入口(打开后的第一个页面) -->
23            <intent-filter>
23-->src\main\AndroidManifest.xml:15:13-19:29
24                <action android:name="android.intent.action.MAIN" /> <!-- #指定动作 -->
24-->src\main\AndroidManifest.xml:16:17-69
24-->src\main\AndroidManifest.xml:16:25-66
25
26                <category android:name="android.intent.category.LAUNCHER" /> <!-- #指定分类 -->
26-->src\main\AndroidManifest.xml:18:17-77
26-->src\main\AndroidManifest.xml:18:27-74
27            </intent-filter>
28        </activity>
29        <activity android:name="com.example.helloworld.RelativeLayout_1" />
29-->src\main\AndroidManifest.xml:22:9-63
29-->src\main\AndroidManifest.xml:22:19-51
30        <activity android:name="com.example.helloworld.textViewActivity" />
30-->src\main\AndroidManifest.xml:24:9-63
30-->src\main\AndroidManifest.xml:24:19-51
31        <activity android:name="com.example.helloworld.ButtonActivity" />
31-->src\main\AndroidManifest.xml:26:9-61
31-->src\main\AndroidManifest.xml:26:19-49
32    </application>
33
34</manifest>